<?xml version="1.0" encoding="UTF-8"?>
<testsuite xmlns:xsi="http://www.w3.org/2001/XMLSchema-instance" xsi:noNamespaceSchemaLocation="https://maven.apache.org/surefire/maven-surefire-plugin/xsd/surefire-test-report.xsd" name="infor.api.sp.nrb.InforApiApplicationTests" time="5.036" tests="1" errors="0" skipped="0" failures="0">
  <properties>
    <property name="java.specification.version" value="16"/>
    <property name="sun.cpu.isalist" value="amd64"/>
    <property name="sun.jnu.encoding" value="Cp1252"/>
    <property name="java.class.path" value="C:\Users\Caio\Desktop\infor\WorkSpace\nrb\target\test-classes;C:\Users\Caio\Desktop\infor\WorkSpace\nrb\target\classes;C:\Users\Caio\.m2\repository\org\springframework\boot\spring-boot-starter-web\2.4.5\spring-boot-starter-web-2.4.5.jar;C:\Users\Caio\.m2\repository\org\springframework\boot\spring-boot-starter\2.4.5\spring-boot-starter-2.4.5.jar;C:\Users\Caio\.m2\repository\org\springframework\boot\spring-boot-starter-logging\2.4.5\spring-boot-starter-logging-2.4.5.jar;C:\Users\Caio\.m2\repository\ch\qos\logback\logback-classic\1.2.3\logback-classic-1.2.3.jar;C:\Users\Caio\.m2\repository\ch\qos\logback\logback-core\1.2.3\logback-core-1.2.3.jar;C:\Users\Caio\.m2\repository\org\apache\logging\log4j\log4j-to-slf4j\2.13.3\log4j-to-slf4j-2.13.3.jar;C:\Users\Caio\.m2\repository\org\apache\logging\log4j\log4j-api\2.13.3\log4j-api-2.13.3.jar;C:\Users\Caio\.m2\repository\org\slf4j\jul-to-slf4j\1.7.30\jul-to-slf4j-1.7.30.jar;C:\Users\Caio\.m2\repository\jakarta\annotation\jakarta.annotation-api\1.3.5\jakarta.annotation-api-1.3.5.jar;C:\Users\Caio\.m2\repository\org\yaml\snakeyaml\1.27\snakeyaml-1.27.jar;C:\Users\Caio\.m2\repository\org\springframework\boot\spring-boot-starter-json\2.4.5\spring-boot-starter-json-2.4.5.jar;C:\Users\Caio\.m2\repository\com\fasterxml\jackson\datatype\jackson-datatype-jdk8\2.11.4\jackson-datatype-jdk8-2.11.4.jar;C:\Users\Caio\.m2\repository\com\fasterxml\jackson\datatype\jackson-datatype-jsr310\2.11.4\jackson-datatype-jsr310-2.11.4.jar;C:\Users\Caio\.m2\repository\com\fasterxml\jackson\module\jackson-module-parameter-names\2.11.4\jackson-module-parameter-names-2.11.4.jar;C:\Users\Caio\.m2\repository\org\springframework\boot\spring-boot-starter-tomcat\2.4.5\spring-boot-starter-tomcat-2.4.5.jar;C:\Users\Caio\.m2\repository\org\apache\tomcat\embed\tomcat-embed-core\9.0.45\tomcat-embed-core-9.0.45.jar;C:\Users\Caio\.m2\repository\org\glassfish\jakarta.el\3.0.3\jakarta.el-3.0.3.jar;C:\Users\Caio\.m2\repository\org\apache\tomcat\embed\tomcat-embed-websocket\9.0.45\tomcat-embed-websocket-9.0.45.jar;C:\Users\Caio\.m2\repository\org\springframework\spring-web\5.3.6\spring-web-5.3.6.jar;C:\Users\Caio\.m2\repository\org\springframework\spring-beans\5.3.6\spring-beans-5.3.6.jar;C:\Users\Caio\.m2\repository\org\springframework\spring-webmvc\5.3.6\spring-webmvc-5.3.6.jar;C:\Users\Caio\.m2\repository\org\springframework\spring-aop\5.3.6\spring-aop-5.3.6.jar;C:\Users\Caio\.m2\repository\org\springframework\spring-context\5.3.6\spring-context-5.3.6.jar;C:\Users\Caio\.m2\repository\org\springframework\spring-expression\5.3.6\spring-expression-5.3.6.jar;C:\Users\Caio\.m2\repository\org\springframework\boot\spring-boot-starter-test\2.4.5\spring-boot-starter-test-2.4.5.jar;C:\Users\Caio\.m2\repository\org\springframework\boot\spring-boot-test\2.4.5\spring-boot-test-2.4.5.jar;C:\Users\Caio\.m2\repository\org\springframework\boot\spring-boot-test-autoconfigure\2.4.5\spring-boot-test-autoconfigure-2.4.5.jar;C:\Users\Caio\.m2\repository\com\jayway\jsonpath\json-path\2.4.0\json-path-2.4.0.jar;C:\Users\Caio\.m2\repository\net\minidev\json-smart\2.3\json-smart-2.3.jar;C:\Users\Caio\.m2\repository\net\minidev\accessors-smart\1.2\accessors-smart-1.2.jar;C:\Users\Caio\.m2\repository\org\ow2\asm\asm\5.0.4\asm-5.0.4.jar;C:\Users\Caio\.m2\repository\jakarta\xml\bind\jakarta.xml.bind-api\2.3.3\jakarta.xml.bind-api-2.3.3.jar;C:\Users\Caio\.m2\repository\jakarta\activation\jakarta.activation-api\1.2.2\jakarta.activation-api-1.2.2.jar;C:\Users\Caio\.m2\repository\org\assertj\assertj-core\3.18.1\assertj-core-3.18.1.jar;C:\Users\Caio\.m2\repository\org\hamcrest\hamcrest\2.2\hamcrest-2.2.jar;C:\Users\Caio\.m2\repository\org\junit\jupiter\junit-jupiter\5.7.1\junit-jupiter-5.7.1.jar;C:\Users\Caio\.m2\repository\org\junit\jupiter\junit-jupiter-api\5.7.1\junit-jupiter-api-5.7.1.jar;C:\Users\Caio\.m2\repository\org\apiguardian\apiguardian-api\1.1.0\apiguardian-api-1.1.0.jar;C:\Users\Caio\.m2\repository\org\opentest4j\opentest4j\1.2.0\opentest4j-1.2.0.jar;C:\Users\Caio\.m2\repository\org\junit\platform\junit-platform-commons\1.7.1\junit-platform-commons-1.7.1.jar;C:\Users\Caio\.m2\repository\org\junit\jupiter\junit-jupiter-params\5.7.1\junit-jupiter-params-5.7.1.jar;C:\Users\Caio\.m2\repository\org\junit\jupiter\junit-jupiter-engine\5.7.1\junit-jupiter-engine-5.7.1.jar;C:\Users\Caio\.m2\repository\org\junit\platform\junit-platform-engine\1.7.1\junit-platform-engine-1.7.1.jar;C:\Users\Caio\.m2\repository\org\mockito\mockito-core\3.6.28\mockito-core-3.6.28.jar;C:\Users\Caio\.m2\repository\net\bytebuddy\byte-buddy\1.10.22\byte-buddy-1.10.22.jar;C:\Users\Caio\.m2\repository\net\bytebuddy\byte-buddy-agent\1.10.22\byte-buddy-agent-1.10.22.jar;C:\Users\Caio\.m2\repository\org\objenesis\objenesis\3.1\objenesis-3.1.jar;C:\Users\Caio\.m2\repository\org\mockito\mockito-junit-jupiter\3.6.28\mockito-junit-jupiter-3.6.28.jar;C:\Users\Caio\.m2\repository\org\skyscreamer\jsonassert\1.5.0\jsonassert-1.5.0.jar;C:\Users\Caio\.m2\repository\com\vaadin\external\google\android-json\0.0.20131108.vaadin1\android-json-0.0.20131108.vaadin1.jar;C:\Users\Caio\.m2\repository\org\springframework\spring-core\5.3.6\spring-core-5.3.6.jar;C:\Users\Caio\.m2\repository\org\springframework\spring-jcl\5.3.6\spring-jcl-5.3.6.jar;C:\Users\Caio\.m2\repository\org\springframework\spring-test\5.3.6\spring-test-5.3.6.jar;C:\Users\Caio\.m2\repository\org\xmlunit\xmlunit-core\2.7.0\xmlunit-core-2.7.0.jar;C:\Users\Caio\.m2\repository\org\springframework\boot\spring-boot-starter-data-jpa\2.4.5\spring-boot-starter-data-jpa-2.4.5.jar;C:\Users\Caio\.m2\repository\org\springframework\boot\spring-boot-starter-aop\2.4.5\spring-boot-starter-aop-2.4.5.jar;C:\Users\Caio\.m2\repository\org\aspectj\aspectjweaver\1.9.6\aspectjweaver-1.9.6.jar;C:\Users\Caio\.m2\repository\org\springframework\boot\spring-boot-starter-jdbc\2.4.5\spring-boot-starter-jdbc-2.4.5.jar;C:\Users\Caio\.m2\repository\com\zaxxer\HikariCP\3.4.5\HikariCP-3.4.5.jar;C:\Users\Caio\.m2\repository\org\springframework\spring-jdbc\5.3.6\spring-jdbc-5.3.6.jar;C:\Users\Caio\.m2\repository\jakarta\transaction\jakarta.transaction-api\1.3.3\jakarta.transaction-api-1.3.3.jar;C:\Users\Caio\.m2\repository\jakarta\persistence\jakarta.persistence-api\2.2.3\jakarta.persistence-api-2.2.3.jar;C:\Users\Caio\.m2\repository\org\hibernate\hibernate-core\5.4.30.Final\hibernate-core-5.4.30.Final.jar;C:\Users\Caio\.m2\repository\org\jboss\logging\jboss-logging\3.4.1.Final\jboss-logging-3.4.1.Final.jar;C:\Users\Caio\.m2\repository\antlr\antlr\2.7.7\antlr-2.7.7.jar;C:\Users\Caio\.m2\repository\org\jboss\jandex\2.2.3.Final\jandex-2.2.3.Final.jar;C:\Users\Caio\.m2\repository\org\dom4j\dom4j\2.1.3\dom4j-2.1.3.jar;C:\Users\Caio\.m2\repository\org\hibernate\common\hibernate-commons-annotations\5.1.2.Final\hibernate-commons-annotations-5.1.2.Final.jar;C:\Users\Caio\.m2\repository\org\glassfish\jaxb\jaxb-runtime\2.3.4\jaxb-runtime-2.3.4.jar;C:\Users\Caio\.m2\repository\org\glassfish\jaxb\txw2\2.3.4\txw2-2.3.4.jar;C:\Users\Caio\.m2\repository\com\sun\istack\istack-commons-runtime\3.0.12\istack-commons-runtime-3.0.12.jar;C:\Users\Caio\.m2\repository\com\sun\activation\jakarta.activation\1.2.2\jakarta.activation-1.2.2.jar;C:\Users\Caio\.m2\repository\org\springframework\data\spring-data-jpa\2.4.8\spring-data-jpa-2.4.8.jar;C:\Users\Caio\.m2\repository\org\springframework\data\spring-data-commons\2.4.8\spring-data-commons-2.4.8.jar;C:\Users\Caio\.m2\repository\org\springframework\spring-orm\5.3.6\spring-orm-5.3.6.jar;C:\Users\Caio\.m2\repository\org\springframework\spring-tx\5.3.6\spring-tx-5.3.6.jar;C:\Users\Caio\.m2\repository\org\springframework\spring-aspects\5.3.6\spring-aspects-5.3.6.jar;C:\Users\Caio\.m2\repository\com\h2database\h2\1.4.200\h2-1.4.200.jar;C:\Users\Caio\.m2\repository\org\springframework\boot\spring-boot-devtools\2.4.5\spring-boot-devtools-2.4.5.jar;C:\Users\Caio\.m2\repository\org\springframework\boot\spring-boot\2.4.5\spring-boot-2.4.5.jar;C:\Users\Caio\.m2\repository\org\springframework\boot\spring-boot-autoconfigure\2.4.5\spring-boot-autoconfigure-2.4.5.jar;C:\Users\Caio\.m2\repository\org\javassist\javassist\3.20.0-GA\javassist-3.20.0-GA.jar;C:\Users\Caio\.m2\repository\javax\javaee-api\7.0\javaee-api-7.0.jar;C:\Users\Caio\.m2\repository\com\sun\mail\javax.mail\1.5.0\javax.mail-1.5.0.jar;C:\Users\Caio\.m2\repository\org\slf4j\slf4j-api\1.7.25\slf4j-api-1.7.25.jar;C:\Users\Caio\.m2\repository\io\springfox\springfox-swagger2\2.7.0\springfox-swagger2-2.7.0.jar;C:\Users\Caio\.m2\repository\io\swagger\swagger-annotations\1.5.13\swagger-annotations-1.5.13.jar;C:\Users\Caio\.m2\repository\io\swagger\swagger-models\1.5.13\swagger-models-1.5.13.jar;C:\Users\Caio\.m2\repository\com\fasterxml\jackson\core\jackson-annotations\2.11.4\jackson-annotations-2.11.4.jar;C:\Users\Caio\.m2\repository\io\springfox\springfox-spi\2.7.0\springfox-spi-2.7.0.jar;C:\Users\Caio\.m2\repository\io\springfox\springfox-core\2.7.0\springfox-core-2.7.0.jar;C:\Users\Caio\.m2\repository\io\springfox\springfox-schema\2.7.0\springfox-schema-2.7.0.jar;C:\Users\Caio\.m2\repository\io\springfox\springfox-swagger-common\2.7.0\springfox-swagger-common-2.7.0.jar;C:\Users\Caio\.m2\repository\io\springfox\springfox-spring-web\2.7.0\springfox-spring-web-2.7.0.jar;C:\Users\Caio\.m2\repository\com\google\guava\guava\18.0\guava-18.0.jar;C:\Users\Caio\.m2\repository\com\fasterxml\classmate\1.5.1\classmate-1.5.1.jar;C:\Users\Caio\.m2\repository\org\springframework\plugin\spring-plugin-core\1.2.0.RELEASE\spring-plugin-core-1.2.0.RELEASE.jar;C:\Users\Caio\.m2\repository\org\springframework\plugin\spring-plugin-metadata\1.2.0.RELEASE\spring-plugin-metadata-1.2.0.RELEASE.jar;C:\Users\Caio\.m2\repository\org\mapstruct\mapstruct\1.1.0.Final\mapstruct-1.1.0.Final.jar;C:\Users\Caio\.m2\repository\io\springfox\springfox-swagger-ui\2.7.0\springfox-swagger-ui-2.7.0.jar;C:\Users\Caio\.m2\repository\org\jboss\resteasy\resteasy-jaxrs\2.2.1.GA\resteasy-jaxrs-2.2.1.GA.jar;C:\Users\Caio\.m2\repository\org\jboss\resteasy\jaxrs-api\2.2.1.GA\jaxrs-api-2.2.1.GA.jar;C:\Users\Caio\.m2\repository\org\scannotation\scannotation\1.0.3\scannotation-1.0.3.jar;C:\Users\Caio\.m2\repository\javassist\javassist\3.12.1.GA\javassist-3.12.1.GA.jar;C:\Users\Caio\.m2\repository\javax\annotation\jsr250-api\1.0\jsr250-api-1.0.jar;C:\Users\Caio\.m2\repository\javax\activation\activation\1.1\activation-1.1.jar;C:\Users\Caio\.m2\repository\commons-httpclient\commons-httpclient\3.1\commons-httpclient-3.1.jar;C:\Users\Caio\.m2\repository\commons-logging\commons-logging\1.0.4\commons-logging-1.0.4.jar;C:\Users\Caio\.m2\repository\commons-codec\commons-codec\1.15\commons-codec-1.15.jar;C:\Users\Caio\.m2\repository\org\apache\httpcomponents\httpclient\4.5.13\httpclient-4.5.13.jar;C:\Users\Caio\.m2\repository\org\apache\httpcomponents\httpcore\4.4.14\httpcore-4.4.14.jar;C:\Users\Caio\.m2\repository\net\jcip\jcip-annotations\1.0\jcip-annotations-1.0.jar;C:\Users\Caio\.m2\repository\org\glassfish\jersey\core\jersey-common\2.22.2\jersey-common-2.22.2.jar;C:\Users\Caio\.m2\repository\javax\ws\rs\javax.ws.rs-api\2.0.1\javax.ws.rs-api-2.0.1.jar;C:\Users\Caio\.m2\repository\javax\annotation\javax.annotation-api\1.3.2\javax.annotation-api-1.3.2.jar;C:\Users\Caio\.m2\repository\org\glassfish\jersey\bundles\repackaged\jersey-guava\2.22.2\jersey-guava-2.22.2.jar;C:\Users\Caio\.m2\repository\org\glassfish\hk2\hk2-api\2.4.0-b34\hk2-api-2.4.0-b34.jar;C:\Users\Caio\.m2\repository\org\glassfish\hk2\hk2-utils\2.4.0-b34\hk2-utils-2.4.0-b34.jar;C:\Users\Caio\.m2\repository\org\glassfish\hk2\external\aopalliance-repackaged\2.4.0-b34\aopalliance-repackaged-2.4.0-b34.jar;C:\Users\Caio\.m2\repository\org\glassfish\hk2\external\javax.inject\2.4.0-b34\javax.inject-2.4.0-b34.jar;C:\Users\Caio\.m2\repository\org\glassfish\hk2\hk2-locator\2.4.0-b34\hk2-locator-2.4.0-b34.jar;C:\Users\Caio\.m2\repository\org\glassfish\hk2\osgi-resource-locator\1.0.1\osgi-resource-locator-1.0.1.jar;C:\Users\Caio\.m2\repository\com\google\code\gson\gson\2.8.2\gson-2.8.2.jar;C:\Users\Caio\.m2\repository\io\swagger\swagger-jaxrs\1.5.7\swagger-jaxrs-1.5.7.jar;C:\Users\Caio\.m2\repository\com\fasterxml\jackson\dataformat\jackson-dataformat-yaml\2.11.4\jackson-dataformat-yaml-2.11.4.jar;C:\Users\Caio\.m2\repository\com\fasterxml\jackson\core\jackson-core\2.11.4\jackson-core-2.11.4.jar;C:\Users\Caio\.m2\repository\io\swagger\swagger-core\1.5.7\swagger-core-1.5.7.jar;C:\Users\Caio\.m2\repository\org\apache\commons\commons-lang3\3.11\commons-lang3-3.11.jar;C:\Users\Caio\.m2\repository\javax\validation\validation-api\2.0.1.Final\validation-api-2.0.1.Final.jar;C:\Users\Caio\.m2\repository\javax\ws\rs\jsr311-api\1.1.1\jsr311-api-1.1.1.jar;C:\Users\Caio\.m2\repository\org\reflections\reflections\0.9.10\reflections-0.9.10.jar;C:\Users\Caio\.m2\repository\com\google\code\findbugs\annotations\2.0.1\annotations-2.0.1.jar;C:\Users\Caio\.m2\repository\com\fasterxml\jackson\jaxrs\jackson-jaxrs-json-provider\2.11.4\jackson-jaxrs-json-provider-2.11.4.jar;C:\Users\Caio\.m2\repository\com\fasterxml\jackson\jaxrs\jackson-jaxrs-base\2.11.4\jackson-jaxrs-base-2.11.4.jar;C:\Users\Caio\.m2\repository\com\fasterxml\jackson\module\jackson-module-jaxb-annotations\2.11.4\jackson-module-jaxb-annotations-2.11.4.jar;C:\Users\Caio\.m2\repository\org\springframework\boot\spring-boot-starter-jersey\1.2.0.RELEASE\spring-boot-starter-jersey-1.2.0.RELEASE.jar;C:\Users\Caio\.m2\repository\com\fasterxml\jackson\core\jackson-databind\2.11.4\jackson-databind-2.11.4.jar;C:\Users\Caio\.m2\repository\org\hibernate\hibernate-validator\5.1.3.Final\hibernate-validator-5.1.3.Final.jar;C:\Users\Caio\.m2\repository\org\glassfish\jersey\core\jersey-server\2.32\jersey-server-2.32.jar;C:\Users\Caio\.m2\repository\org\glassfish\jersey\core\jersey-client\2.32\jersey-client-2.32.jar;C:\Users\Caio\.m2\repository\jakarta\ws\rs\jakarta.ws.rs-api\2.1.6\jakarta.ws.rs-api-2.1.6.jar;C:\Users\Caio\.m2\repository\org\glassfish\jersey\media\jersey-media-jaxb\2.32\jersey-media-jaxb-2.32.jar;C:\Users\Caio\.m2\repository\org\glassfish\hk2\external\jakarta.inject\2.6.1\jakarta.inject-2.6.1.jar;C:\Users\Caio\.m2\repository\jakarta\validation\jakarta.validation-api\2.0.2\jakarta.validation-api-2.0.2.jar;C:\Users\Caio\.m2\repository\org\glassfish\jersey\containers\jersey-container-servlet-core\2.32\jersey-container-servlet-core-2.32.jar;C:\Users\Caio\.m2\repository\org\glassfish\jersey\containers\jersey-container-servlet\2.32\jersey-container-servlet-2.32.jar;C:\Users\Caio\.m2\repository\org\glassfish\jersey\ext\jersey-spring3\2.13\jersey-spring3-2.13.jar;C:\Users\Caio\.m2\repository\org\glassfish\hk2\hk2\2.3.0-b10\hk2-2.3.0-b10.jar;C:\Users\Caio\.m2\repository\org\glassfish\hk2\config-types\2.3.0-b10\config-types-2.3.0-b10.jar;C:\Users\Caio\.m2\repository\org\glassfish\hk2\core\2.3.0-b10\core-2.3.0-b10.jar;C:\Users\Caio\.m2\repository\org\glassfish\hk2\hk2-config\2.3.0-b10\hk2-config-2.3.0-b10.jar;C:\Users\Caio\.m2\repository\org\jvnet\tiger-types\1.4\tiger-types-1.4.jar;C:\Users\Caio\.m2\repository\org\glassfish\hk2\external\bean-validator\2.3.0-b10\bean-validator-2.3.0-b10.jar;C:\Users\Caio\.m2\repository\org\glassfish\hk2\hk2-runlevel\2.3.0-b10\hk2-runlevel-2.3.0-b10.jar;C:\Users\Caio\.m2\repository\org\glassfish\hk2\class-model\2.3.0-b10\class-model-2.3.0-b10.jar;C:\Users\Caio\.m2\repository\org\glassfish\hk2\external\asm-all-repackaged\2.3.0-b10\asm-all-repackaged-2.3.0-b10.jar;C:\Users\Caio\.m2\repository\org\glassfish\hk2\spring-bridge\2.3.0-b10\spring-bridge-2.3.0-b10.jar;C:\Users\Caio\.m2\repository\org\glassfish\jersey\media\jersey-media-json-jackson\2.32\jersey-media-json-jackson-2.32.jar;C:\Users\Caio\.m2\repository\org\glassfish\jersey\ext\jersey-entity-filtering\2.32\jersey-entity-filtering-2.32.jar;C:\Users\Caio\.m2\repository\com\sun\jersey\jersey-server\1.8\jersey-server-1.8.jar;C:\Users\Caio\.m2\repository\asm\asm\3.1\asm-3.1.jar;C:\Users\Caio\.m2\repository\com\sun\jersey\jersey-core\1.8\jersey-core-1.8.jar;"/>
    <property name="java.vm.vendor" value="Oracle Corporation"/>
    <property name="sun.arch.data.model" value="64"/>
    <property name="user.variant" value=""/>
    <property name="java.vendor.url" value="https://java.oracle.com/"/>
    <property name="user.timezone" value="America/Sao_Paulo"/>
    <property name="os.name" value="Windows 10"/>
    <property name="java.vm.specification.version" value="16"/>
    <property name="sun.java.launcher" value="SUN_STANDARD"/>
    <property name="user.country" value="BR"/>
    <property name="sun.boot.library.path" value="C:\Program Files\Java\jdk-16.0.1\bin"/>
    <property name="sun.java.command" value="C:\Users\Caio\AppData\Local\Temp\surefire15851033838273592682\surefirebooter1384562253915253193.jar C:\Users\Caio\AppData\Local\Temp\surefire15851033838273592682 2021-05-24T18-14-02_139-jvmRun1 surefire11620501038856580569tmp surefire_010583405483832049833tmp"/>
    <property name="jdk.debug" value="release"/>
    <property name="surefire.test.class.path" value="C:\Users\Caio\Desktop\infor\WorkSpace\nrb\target\test-classes;C:\Users\Caio\Desktop\infor\WorkSpace\nrb\target\classes;C:\Users\Caio\.m2\repository\org\springframework\boot\spring-boot-starter-web\2.4.5\spring-boot-starter-web-2.4.5.jar;C:\Users\Caio\.m2\repository\org\springframework\boot\spring-boot-starter\2.4.5\spring-boot-starter-2.4.5.jar;C:\Users\Caio\.m2\repository\org\springframework\boot\spring-boot-starter-logging\2.4.5\spring-boot-starter-logging-2.4.5.jar;C:\Users\Caio\.m2\repository\ch\qos\logback\logback-classic\1.2.3\logback-classic-1.2.3.jar;C:\Users\Caio\.m2\repository\ch\qos\logback\logback-core\1.2.3\logback-core-1.2.3.jar;C:\Users\Caio\.m2\repository\org\apache\logging\log4j\log4j-to-slf4j\2.13.3\log4j-to-slf4j-2.13.3.jar;C:\Users\Caio\.m2\repository\org\apache\logging\log4j\log4j-api\2.13.3\log4j-api-2.13.3.jar;C:\Users\Caio\.m2\repository\org\slf4j\jul-to-slf4j\1.7.30\jul-to-slf4j-1.7.30.jar;C:\Users\Caio\.m2\repository\jakarta\annotation\jakarta.annotation-api\1.3.5\jakarta.annotation-api-1.3.5.jar;C:\Users\Caio\.m2\repository\org\yaml\snakeyaml\1.27\snakeyaml-1.27.jar;C:\Users\Caio\.m2\repository\org\springframework\boot\spring-boot-starter-json\2.4.5\spring-boot-starter-json-2.4.5.jar;C:\Users\Caio\.m2\repository\com\fasterxml\jackson\datatype\jackson-datatype-jdk8\2.11.4\jackson-datatype-jdk8-2.11.4.jar;C:\Users\Caio\.m2\repository\com\fasterxml\jackson\datatype\jackson-datatype-jsr310\2.11.4\jackson-datatype-jsr310-2.11.4.jar;C:\Users\Caio\.m2\repository\com\fasterxml\jackson\module\jackson-module-parameter-names\2.11.4\jackson-module-parameter-names-2.11.4.jar;C:\Users\Caio\.m2\repository\org\springframework\boot\spring-boot-starter-tomcat\2.4.5\spring-boot-starter-tomcat-2.4.5.jar;C:\Users\Caio\.m2\repository\org\apache\tomcat\embed\tomcat-embed-core\9.0.45\tomcat-embed-core-9.0.45.jar;C:\Users\Caio\.m2\repository\org\glassfish\jakarta.el\3.0.3\jakarta.el-3.0.3.jar;C:\Users\Caio\.m2\repository\org\apache\tomcat\embed\tomcat-embed-websocket\9.0.45\tomcat-embed-websocket-9.0.45.jar;C:\Users\Caio\.m2\repository\org\springframework\spring-web\5.3.6\spring-web-5.3.6.jar;C:\Users\Caio\.m2\repository\org\springframework\spring-beans\5.3.6\spring-beans-5.3.6.jar;C:\Users\Caio\.m2\repository\org\springframework\spring-webmvc\5.3.6\spring-webmvc-5.3.6.jar;C:\Users\Caio\.m2\repository\org\springframework\spring-aop\5.3.6\spring-aop-5.3.6.jar;C:\Users\Caio\.m2\repository\org\springframework\spring-context\5.3.6\spring-context-5.3.6.jar;C:\Users\Caio\.m2\repository\org\springframework\spring-expression\5.3.6\spring-expression-5.3.6.jar;C:\Users\Caio\.m2\repository\org\springframework\boot\spring-boot-starter-test\2.4.5\spring-boot-starter-test-2.4.5.jar;C:\Users\Caio\.m2\repository\org\springframework\boot\spring-boot-test\2.4.5\spring-boot-test-2.4.5.jar;C:\Users\Caio\.m2\repository\org\springframework\boot\spring-boot-test-autoconfigure\2.4.5\spring-boot-test-autoconfigure-2.4.5.jar;C:\Users\Caio\.m2\repository\com\jayway\jsonpath\json-path\2.4.0\json-path-2.4.0.jar;C:\Users\Caio\.m2\repository\net\minidev\json-smart\2.3\json-smart-2.3.jar;C:\Users\Caio\.m2\repository\net\minidev\accessors-smart\1.2\accessors-smart-1.2.jar;C:\Users\Caio\.m2\repository\org\ow2\asm\asm\5.0.4\asm-5.0.4.jar;C:\Users\Caio\.m2\repository\jakarta\xml\bind\jakarta.xml.bind-api\2.3.3\jakarta.xml.bind-api-2.3.3.jar;C:\Users\Caio\.m2\repository\jakarta\activation\jakarta.activation-api\1.2.2\jakarta.activation-api-1.2.2.jar;C:\Users\Caio\.m2\repository\org\assertj\assertj-core\3.18.1\assertj-core-3.18.1.jar;C:\Users\Caio\.m2\repository\org\hamcrest\hamcrest\2.2\hamcrest-2.2.jar;C:\Users\Caio\.m2\repository\org\junit\jupiter\junit-jupiter\5.7.1\junit-jupiter-5.7.1.jar;C:\Users\Caio\.m2\repository\org\junit\jupiter\junit-jupiter-api\5.7.1\junit-jupiter-api-5.7.1.jar;C:\Users\Caio\.m2\repository\org\apiguardian\apiguardian-api\1.1.0\apiguardian-api-1.1.0.jar;C:\Users\Caio\.m2\repository\org\opentest4j\opentest4j\1.2.0\opentest4j-1.2.0.jar;C:\Users\Caio\.m2\repository\org\junit\platform\junit-platform-commons\1.7.1\junit-platform-commons-1.7.1.jar;C:\Users\Caio\.m2\repository\org\junit\jupiter\junit-jupiter-params\5.7.1\junit-jupiter-params-5.7.1.jar;C:\Users\Caio\.m2\repository\org\junit\jupiter\junit-jupiter-engine\5.7.1\junit-jupiter-engine-5.7.1.jar;C:\Users\Caio\.m2\repository\org\junit\platform\junit-platform-engine\1.7.1\junit-platform-engine-1.7.1.jar;C:\Users\Caio\.m2\repository\org\mockito\mockito-core\3.6.28\mockito-core-3.6.28.jar;C:\Users\Caio\.m2\repository\net\bytebuddy\byte-buddy\1.10.22\byte-buddy-1.10.22.jar;C:\Users\Caio\.m2\repository\net\bytebuddy\byte-buddy-agent\1.10.22\byte-buddy-agent-1.10.22.jar;C:\Users\Caio\.m2\repository\org\objenesis\objenesis\3.1\objenesis-3.1.jar;C:\Users\Caio\.m2\repository\org\mockito\mockito-junit-jupiter\3.6.28\mockito-junit-jupiter-3.6.28.jar;C:\Users\Caio\.m2\repository\org\skyscreamer\jsonassert\1.5.0\jsonassert-1.5.0.jar;C:\Users\Caio\.m2\repository\com\vaadin\external\google\android-json\0.0.20131108.vaadin1\android-json-0.0.20131108.vaadin1.jar;C:\Users\Caio\.m2\repository\org\springframework\spring-core\5.3.6\spring-core-5.3.6.jar;C:\Users\Caio\.m2\repository\org\springframework\spring-jcl\5.3.6\spring-jcl-5.3.6.jar;C:\Users\Caio\.m2\repository\org\springframework\spring-test\5.3.6\spring-test-5.3.6.jar;C:\Users\Caio\.m2\repository\org\xmlunit\xmlunit-core\2.7.0\xmlunit-core-2.7.0.jar;C:\Users\Caio\.m2\repository\org\springframework\boot\spring-boot-starter-data-jpa\2.4.5\spring-boot-starter-data-jpa-2.4.5.jar;C:\Users\Caio\.m2\repository\org\springframework\boot\spring-boot-starter-aop\2.4.5\spring-boot-starter-aop-2.4.5.jar;C:\Users\Caio\.m2\repository\org\aspectj\aspectjweaver\1.9.6\aspectjweaver-1.9.6.jar;C:\Users\Caio\.m2\repository\org\springframework\boot\spring-boot-starter-jdbc\2.4.5\spring-boot-starter-jdbc-2.4.5.jar;C:\Users\Caio\.m2\repository\com\zaxxer\HikariCP\3.4.5\HikariCP-3.4.5.jar;C:\Users\Caio\.m2\repository\org\springframework\spring-jdbc\5.3.6\spring-jdbc-5.3.6.jar;C:\Users\Caio\.m2\repository\jakarta\transaction\jakarta.transaction-api\1.3.3\jakarta.transaction-api-1.3.3.jar;C:\Users\Caio\.m2\repository\jakarta\persistence\jakarta.persistence-api\2.2.3\jakarta.persistence-api-2.2.3.jar;C:\Users\Caio\.m2\repository\org\hibernate\hibernate-core\5.4.30.Final\hibernate-core-5.4.30.Final.jar;C:\Users\Caio\.m2\repository\org\jboss\logging\jboss-logging\3.4.1.Final\jboss-logging-3.4.1.Final.jar;C:\Users\Caio\.m2\repository\antlr\antlr\2.7.7\antlr-2.7.7.jar;C:\Users\Caio\.m2\repository\org\jboss\jandex\2.2.3.Final\jandex-2.2.3.Final.jar;C:\Users\Caio\.m2\repository\org\dom4j\dom4j\2.1.3\dom4j-2.1.3.jar;C:\Users\Caio\.m2\repository\org\hibernate\common\hibernate-commons-annotations\5.1.2.Final\hibernate-commons-annotations-5.1.2.Final.jar;C:\Users\Caio\.m2\repository\org\glassfish\jaxb\jaxb-runtime\2.3.4\jaxb-runtime-2.3.4.jar;C:\Users\Caio\.m2\repository\org\glassfish\jaxb\txw2\2.3.4\txw2-2.3.4.jar;C:\Users\Caio\.m2\repository\com\sun\istack\istack-commons-runtime\3.0.12\istack-commons-runtime-3.0.12.jar;C:\Users\Caio\.m2\repository\com\sun\activation\jakarta.activation\1.2.2\jakarta.activation-1.2.2.jar;C:\Users\Caio\.m2\repository\org\springframework\data\spring-data-jpa\2.4.8\spring-data-jpa-2.4.8.jar;C:\Users\Caio\.m2\repository\org\springframework\data\spring-data-commons\2.4.8\spring-data-commons-2.4.8.jar;C:\Users\Caio\.m2\repository\org\springframework\spring-orm\5.3.6\spring-orm-5.3.6.jar;C:\Users\Caio\.m2\repository\org\springframework\spring-tx\5.3.6\spring-tx-5.3.6.jar;C:\Users\Caio\.m2\repository\org\springframework\spring-aspects\5.3.6\spring-aspects-5.3.6.jar;C:\Users\Caio\.m2\repository\com\h2database\h2\1.4.200\h2-1.4.200.jar;C:\Users\Caio\.m2\repository\org\springframework\boot\spring-boot-devtools\2.4.5\spring-boot-devtools-2.4.5.jar;C:\Users\Caio\.m2\repository\org\springframework\boot\spring-boot\2.4.5\spring-boot-2.4.5.jar;C:\Users\Caio\.m2\repository\org\springframework\boot\spring-boot-autoconfigure\2.4.5\spring-boot-autoconfigure-2.4.5.jar;C:\Users\Caio\.m2\repository\org\javassist\javassist\3.20.0-GA\javassist-3.20.0-GA.jar;C:\Users\Caio\.m2\repository\javax\javaee-api\7.0\javaee-api-7.0.jar;C:\Users\Caio\.m2\repository\com\sun\mail\javax.mail\1.5.0\javax.mail-1.5.0.jar;C:\Users\Caio\.m2\repository\org\slf4j\slf4j-api\1.7.25\slf4j-api-1.7.25.jar;C:\Users\Caio\.m2\repository\io\springfox\springfox-swagger2\2.7.0\springfox-swagger2-2.7.0.jar;C:\Users\Caio\.m2\repository\io\swagger\swagger-annotations\1.5.13\swagger-annotations-1.5.13.jar;C:\Users\Caio\.m2\repository\io\swagger\swagger-models\1.5.13\swagger-models-1.5.13.jar;C:\Users\Caio\.m2\repository\com\fasterxml\jackson\core\jackson-annotations\2.11.4\jackson-annotations-2.11.4.jar;C:\Users\Caio\.m2\repository\io\springfox\springfox-spi\2.7.0\springfox-spi-2.7.0.jar;C:\Users\Caio\.m2\repository\io\springfox\springfox-core\2.7.0\springfox-core-2.7.0.jar;C:\Users\Caio\.m2\repository\io\springfox\springfox-schema\2.7.0\springfox-schema-2.7.0.jar;C:\Users\Caio\.m2\repository\io\springfox\springfox-swagger-common\2.7.0\springfox-swagger-common-2.7.0.jar;C:\Users\Caio\.m2\repository\io\springfox\springfox-spring-web\2.7.0\springfox-spring-web-2.7.0.jar;C:\Users\Caio\.m2\repository\com\google\guava\guava\18.0\guava-18.0.jar;C:\Users\Caio\.m2\repository\com\fasterxml\classmate\1.5.1\classmate-1.5.1.jar;C:\Users\Caio\.m2\repository\org\springframework\plugin\spring-plugin-core\1.2.0.RELEASE\spring-plugin-core-1.2.0.RELEASE.jar;C:\Users\Caio\.m2\repository\org\springframework\plugin\spring-plugin-metadata\1.2.0.RELEASE\spring-plugin-metadata-1.2.0.RELEASE.jar;C:\Users\Caio\.m2\repository\org\mapstruct\mapstruct\1.1.0.Final\mapstruct-1.1.0.Final.jar;C:\Users\Caio\.m2\repository\io\springfox\springfox-swagger-ui\2.7.0\springfox-swagger-ui-2.7.0.jar;C:\Users\Caio\.m2\repository\org\jboss\resteasy\resteasy-jaxrs\2.2.1.GA\resteasy-jaxrs-2.2.1.GA.jar;C:\Users\Caio\.m2\repository\org\jboss\resteasy\jaxrs-api\2.2.1.GA\jaxrs-api-2.2.1.GA.jar;C:\Users\Caio\.m2\repository\org\scannotation\scannotation\1.0.3\scannotation-1.0.3.jar;C:\Users\Caio\.m2\repository\javassist\javassist\3.12.1.GA\javassist-3.12.1.GA.jar;C:\Users\Caio\.m2\repository\javax\annotation\jsr250-api\1.0\jsr250-api-1.0.jar;C:\Users\Caio\.m2\repository\javax\activation\activation\1.1\activation-1.1.jar;C:\Users\Caio\.m2\repository\commons-httpclient\commons-httpclient\3.1\commons-httpclient-3.1.jar;C:\Users\Caio\.m2\repository\commons-logging\commons-logging\1.0.4\commons-logging-1.0.4.jar;C:\Users\Caio\.m2\repository\commons-codec\commons-codec\1.15\commons-codec-1.15.jar;C:\Users\Caio\.m2\repository\org\apache\httpcomponents\httpclient\4.5.13\httpclient-4.5.13.jar;C:\Users\Caio\.m2\repository\org\apache\httpcomponents\httpcore\4.4.14\httpcore-4.4.14.jar;C:\Users\Caio\.m2\repository\net\jcip\jcip-annotations\1.0\jcip-annotations-1.0.jar;C:\Users\Caio\.m2\repository\org\glassfish\jersey\core\jersey-common\2.22.2\jersey-common-2.22.2.jar;C:\Users\Caio\.m2\repository\javax\ws\rs\javax.ws.rs-api\2.0.1\javax.ws.rs-api-2.0.1.jar;C:\Users\Caio\.m2\repository\javax\annotation\javax.annotation-api\1.3.2\javax.annotation-api-1.3.2.jar;C:\Users\Caio\.m2\repository\org\glassfish\jersey\bundles\repackaged\jersey-guava\2.22.2\jersey-guava-2.22.2.jar;C:\Users\Caio\.m2\repository\org\glassfish\hk2\hk2-api\2.4.0-b34\hk2-api-2.4.0-b34.jar;C:\Users\Caio\.m2\repository\org\glassfish\hk2\hk2-utils\2.4.0-b34\hk2-utils-2.4.0-b34.jar;C:\Users\Caio\.m2\repository\org\glassfish\hk2\external\aopalliance-repackaged\2.4.0-b34\aopalliance-repackaged-2.4.0-b34.jar;C:\Users\Caio\.m2\repository\org\glassfish\hk2\external\javax.inject\2.4.0-b34\javax.inject-2.4.0-b34.jar;C:\Users\Caio\.m2\repository\org\glassfish\hk2\hk2-locator\2.4.0-b34\hk2-locator-2.4.0-b34.jar;C:\Users\Caio\.m2\repository\org\glassfish\hk2\osgi-resource-locator\1.0.1\osgi-resource-locator-1.0.1.jar;C:\Users\Caio\.m2\repository\com\google\code\gson\gson\2.8.2\gson-2.8.2.jar;C:\Users\Caio\.m2\repository\io\swagger\swagger-jaxrs\1.5.7\swagger-jaxrs-1.5.7.jar;C:\Users\Caio\.m2\repository\com\fasterxml\jackson\dataformat\jackson-dataformat-yaml\2.11.4\jackson-dataformat-yaml-2.11.4.jar;C:\Users\Caio\.m2\repository\com\fasterxml\jackson\core\jackson-core\2.11.4\jackson-core-2.11.4.jar;C:\Users\Caio\.m2\repository\io\swagger\swagger-core\1.5.7\swagger-core-1.5.7.jar;C:\Users\Caio\.m2\repository\org\apache\commons\commons-lang3\3.11\commons-lang3-3.11.jar;C:\Users\Caio\.m2\repository\javax\validation\validation-api\2.0.1.Final\validation-api-2.0.1.Final.jar;C:\Users\Caio\.m2\repository\javax\ws\rs\jsr311-api\1.1.1\jsr311-api-1.1.1.jar;C:\Users\Caio\.m2\repository\org\reflections\reflections\0.9.10\reflections-0.9.10.jar;C:\Users\Caio\.m2\repository\com\google\code\findbugs\annotations\2.0.1\annotations-2.0.1.jar;C:\Users\Caio\.m2\repository\com\fasterxml\jackson\jaxrs\jackson-jaxrs-json-provider\2.11.4\jackson-jaxrs-json-provider-2.11.4.jar;C:\Users\Caio\.m2\repository\com\fasterxml\jackson\jaxrs\jackson-jaxrs-base\2.11.4\jackson-jaxrs-base-2.11.4.jar;C:\Users\Caio\.m2\repository\com\fasterxml\jackson\module\jackson-module-jaxb-annotations\2.11.4\jackson-module-jaxb-annotations-2.11.4.jar;C:\Users\Caio\.m2\repository\org\springframework\boot\spring-boot-starter-jersey\1.2.0.RELEASE\spring-boot-starter-jersey-1.2.0.RELEASE.jar;C:\Users\Caio\.m2\repository\com\fasterxml\jackson\core\jackson-databind\2.11.4\jackson-databind-2.11.4.jar;C:\Users\Caio\.m2\repository\org\hibernate\hibernate-validator\5.1.3.Final\hibernate-validator-5.1.3.Final.jar;C:\Users\Caio\.m2\repository\org\glassfish\jersey\core\jersey-server\2.32\jersey-server-2.32.jar;C:\Users\Caio\.m2\repository\org\glassfish\jersey\core\jersey-client\2.32\jersey-client-2.32.jar;C:\Users\Caio\.m2\repository\jakarta\ws\rs\jakarta.ws.rs-api\2.1.6\jakarta.ws.rs-api-2.1.6.jar;C:\Users\Caio\.m2\repository\org\glassfish\jersey\media\jersey-media-jaxb\2.32\jersey-media-jaxb-2.32.jar;C:\Users\Caio\.m2\repository\org\glassfish\hk2\external\jakarta.inject\2.6.1\jakarta.inject-2.6.1.jar;C:\Users\Caio\.m2\repository\jakarta\validation\jakarta.validation-api\2.0.2\jakarta.validation-api-2.0.2.jar;C:\Users\Caio\.m2\repository\org\glassfish\jersey\containers\jersey-container-servlet-core\2.32\jersey-container-servlet-core-2.32.jar;C:\Users\Caio\.m2\repository\org\glassfish\jersey\containers\jersey-container-servlet\2.32\jersey-container-servlet-2.32.jar;C:\Users\Caio\.m2\repository\org\glassfish\jersey\ext\jersey-spring3\2.13\jersey-spring3-2.13.jar;C:\Users\Caio\.m2\repository\org\glassfish\hk2\hk2\2.3.0-b10\hk2-2.3.0-b10.jar;C:\Users\Caio\.m2\repository\org\glassfish\hk2\config-types\2.3.0-b10\config-types-2.3.0-b10.jar;C:\Users\Caio\.m2\repository\org\glassfish\hk2\core\2.3.0-b10\core-2.3.0-b10.jar;C:\Users\Caio\.m2\repository\org\glassfish\hk2\hk2-config\2.3.0-b10\hk2-config-2.3.0-b10.jar;C:\Users\Caio\.m2\repository\org\jvnet\tiger-types\1.4\tiger-types-1.4.jar;C:\Users\Caio\.m2\repository\org\glassfish\hk2\external\bean-validator\2.3.0-b10\bean-validator-2.3.0-b10.jar;C:\Users\Caio\.m2\repository\org\glassfish\hk2\hk2-runlevel\2.3.0-b10\hk2-runlevel-2.3.0-b10.jar;C:\Users\Caio\.m2\repository\org\glassfish\hk2\class-model\2.3.0-b10\class-model-2.3.0-b10.jar;C:\Users\Caio\.m2\repository\org\glassfish\hk2\external\asm-all-repackaged\2.3.0-b10\asm-all-repackaged-2.3.0-b10.jar;C:\Users\Caio\.m2\repository\org\glassfish\hk2\spring-bridge\2.3.0-b10\spring-bridge-2.3.0-b10.jar;C:\Users\Caio\.m2\repository\org\glassfish\jersey\media\jersey-media-json-jackson\2.32\jersey-media-json-jackson-2.32.jar;C:\Users\Caio\.m2\repository\org\glassfish\jersey\ext\jersey-entity-filtering\2.32\jersey-entity-filtering-2.32.jar;C:\Users\Caio\.m2\repository\com\sun\jersey\jersey-server\1.8\jersey-server-1.8.jar;C:\Users\Caio\.m2\repository\asm\asm\3.1\asm-3.1.jar;C:\Users\Caio\.m2\repository\com\sun\jersey\jersey-core\1.8\jersey-core-1.8.jar;"/>
    <property name="sun.cpu.endian" value="little"/>
    <property name="user.home" value="C:\Users\Caio"/>
    <property name="user.language" value="pt"/>
    <property name="java.specification.vendor" value="Oracle Corporation"/>
    <property name="java.version.date" value="2021-04-20"/>
    <property name="java.home" value="C:\Program Files\Java\jdk-16.0.1"/>
    <property name="file.separator" value="\"/>
    <property name="basedir" value="C:\Users\Caio\Desktop\infor\WorkSpace\nrb"/>
    <property name="java.vm.compressedOopsMode" value="Zero based"/>
    <property name="line.separator" value="&#10;"/>
    <property name="java.vm.specification.vendor" value="Oracle Corporation"/>
    <property name="java.specification.name" value="Java Platform API Specification"/>
    <property name="surefire.real.class.path" value="C:\Users\Caio\AppData\Local\Temp\surefire15851033838273592682\surefirebooter1384562253915253193.jar"/>
    <property name="user.script" value=""/>
    <property name="sun.management.compiler" value="HotSpot 64-Bit Tiered Compilers"/>
    <property name="java.runtime.version" value="16.0.1+9-24"/>
    <property name="user.name" value="Caio"/>
    <property name="path.separator" value=";"/>
    <property name="os.version" value="10.0"/>
    <property name="java.runtime.name" value="Java(TM) SE Runtime Environment"/>
    <property name="file.encoding" value="Cp1252"/>
    <property name="java.vm.name" value="Java HotSpot(TM) 64-Bit Server VM"/>
    <property name="localRepository" value="C:\Users\Caio\.m2\repository"/>
    <property name="java.vendor.url.bug" value="https://bugreport.java.com/bugreport/"/>
    <property name="java.io.tmpdir" value="C:\Users\Caio\AppData\Local\Temp\"/>
    <property name="idea.version" value="2021.1.1"/>
    <property name="java.version" value="16.0.1"/>
    <property name="user.dir" value="C:\Users\Caio\Desktop\infor\WorkSpace\nrb"/>
    <property name="os.arch" value="amd64"/>
    <property name="java.vm.specification.name" value="Java Virtual Machine Specification"/>
    <property name="sun.os.patch.level" value=""/>
    <property name="java.library.path" value="C:\Program Files\Java\jdk-16.0.1\bin;C:\WINDOWS\Sun\Java\bin;C:\WINDOWS\system32;C:\WINDOWS;C:\Users\Caio\Documents\Maven\apache-maven-3.8.1\bin;C:\Oracle\dbhomeXE\bin;C:\Program Files (x86)\Common Files\Oracle\Java\javapath;C:\WINDOWS\system32;C:\WINDOWS;C:\WINDOWS\System32\Wbem;C:\WINDOWS\System32\WindowsPowerShell\v1.0\;C:\WINDOWS\System32\OpenSSH\;C:\Program Files\nodejs\;C:\ProgramData\chocolatey\bin;C:\Program Files\Git\cmd;C:\Python39\Scripts\;C:\Python39\;C:\Users\Caio\AppData\Local\Programs\Python\Python39\Scripts\;C:\Users\Caio\AppData\Local\Programs\Python\Python39\;C:\Users\Caio\AppData\Local\Microsoft\WindowsApps;;C:\Users\Caio\AppData\Roaming\npm;C:\Program Files\JetBrains\IntelliJ IDEA 2021.1.1\bin;;C:\Program Files\JetBrains\IntelliJ IDEA Community Edition 2021.1.1\bin;;."/>
    <property name="java.vm.info" value="mixed mode, sharing"/>
    <property name="java.vendor" value="Oracle Corporation"/>
    <property name="java.vm.version" value="16.0.1+9-24"/>
    <property name="sun.io.unicode.encoding" value="UnicodeLittle"/>
    <property name="java.class.version" value="60.0"/>
  </properties>
  <testcase name="contextLoads" classname="infor.api.sp.nrb.InforApiApplicationTests" time="0.172"/>
</testsuite>